[0.149s] DEBUG:colcon:Command line arguments: ['/usr/bin/colcon', 'build']
[0.149s] DEBUG:colcon:Parsed command line arguments: Namespace(log_base=None, log_level=None, verb_name='build', build_base='build', install_base='install', merge_install=False, symlink_install=False, test_result_base=None, continue_on_error=False, executor='parallel', parallel_workers=12, event_handlers=None, ignore_user_meta=False, metas=['./colcon.meta'], base_paths=['.'], packages_ignore=None, packages_ignore_regex=None, paths=None, packages_up_to=None, packages_up_to_regex=None, packages_above=None, packages_above_and_dependencies=None, packages_above_depth=None, packages_select_by_dep=None, packages_skip_by_dep=None, packages_skip_up_to=None, packages_select_build_failed=False, packages_skip_build_finished=False, packages_select_test_failures=False, packages_skip_test_passed=False, packages_select=None, packages_skip=None, packages_select_regex=None, packages_skip_regex=None, packages_start=None, packages_end=None, allow_overriding=[], cmake_args=None, cmake_target=None, cmake_target_skip_unavailable=False, cmake_clean_cache=False, cmake_clean_first=False, cmake_force_configure=False, ament_cmake_args=None, catkin_cmake_args=None, catkin_skip_building_tests=False, mixin_files=None, mixin=None, verb_parser=<colcon_mixin.mixin.mixin_argument.MixinArgumentDecorator object at 0x75ff21b3a920>, verb_extension=<colcon_core.verb.build.BuildVerb object at 0x75ff21b3a260>, main=<bound method BuildVerb.main of <colcon_core.verb.build.BuildVerb object at 0x75ff21b3a260>>, mixin_verb=('build',))
[0.372s] Level 1:colcon.colcon_core.package_discovery:discover_packages(colcon_meta) check parameters
[0.372s] Level 1:colcon.colcon_core.package_discovery:discover_packages(recursive) check parameters
[0.372s] Level 1:colcon.colcon_core.package_discovery:discover_packages(ignore) check parameters
[0.372s] Level 1:colcon.colcon_core.package_discovery:discover_packages(path) check parameters
[0.372s] Level 1:colcon.colcon_core.package_discovery:discover_packages(colcon_meta) discover
[0.372s] Level 1:colcon.colcon_core.package_discovery:discover_packages(recursive) discover
[0.372s] INFO:colcon.colcon_core.package_discovery:Crawling recursively for packages in '/home/saber-ubuntu/thumb_ws'
[0.372s] Level 1:colcon.colcon_core.package_identification:_identify(.) by extensions ['ignore', 'ignore_ament_install']
[0.372s] Level 1:colcon.colcon_core.package_identification:_identify(.) by extension 'ignore'
[0.372s] Level 1:colcon.colcon_core.package_identification:_identify(.) by extension 'ignore_ament_install'
[0.372s] Level 1:colcon.colcon_core.package_identification:_identify(.) by extensions ['colcon_pkg']
[0.372s] Level 1:colcon.colcon_core.package_identification:_identify(.) by extension 'colcon_pkg'
[0.372s] Level 1:colcon.colcon_core.package_identification:_identify(.) by extensions ['colcon_meta']
[0.373s] Level 1:colcon.colcon_core.package_identification:_identify(.) by extension 'colcon_meta'
[0.373s] Level 1:colcon.colcon_core.package_identification:_identify(.) by extensions ['ros']
[0.373s] Level 1:colcon.colcon_core.package_identification:_identify(.) by extension 'ros'
[0.383s] Level 1:colcon.colcon_core.package_identification:_identify(.) by extensions ['cmake', 'python']
[0.383s] Level 1:colcon.colcon_core.package_identification:_identify(.) by extension 'cmake'
[0.383s] Level 1:colcon.colcon_core.package_identification:_identify(.) by extension 'python'
[0.383s] Level 1:colcon.colcon_core.package_identification:_identify(.) by extensions ['python_setup_py']
[0.383s] Level 1:colcon.colcon_core.package_identification:_identify(.) by extension 'python_setup_py'
[0.383s] Level 1:colcon.colcon_core.package_identification:_identify(build) by extensions ['ignore', 'ignore_ament_install']
[0.383s] Level 1:colcon.colcon_core.package_identification:_identify(build) by extension 'ignore'
[0.383s] Level 1:colcon.colcon_core.package_identification:_identify(build) ignored
[0.383s] Level 1:colcon.colcon_core.package_identification:_identify(install) by extensions ['ignore', 'ignore_ament_install']
[0.383s] Level 1:colcon.colcon_core.package_identification:_identify(install) by extension 'ignore'
[0.383s] Level 1:colcon.colcon_core.package_identification:_identify(install) ignored
[0.383s] Level 1:colcon.colcon_core.package_identification:_identify(log) by extensions ['ignore', 'ignore_ament_install']
[0.383s] Level 1:colcon.colcon_core.package_identification:_identify(log) by extension 'ignore'
[0.384s] Level 1:colcon.colcon_core.package_identification:_identify(log) ignored
[0.384s] Level 1:colcon.colcon_core.package_identification:_identify(src) by extensions ['ignore', 'ignore_ament_install']
[0.384s] Level 1:colcon.colcon_core.package_identification:_identify(src) by extension 'ignore'
[0.384s] Level 1:colcon.colcon_core.package_identification:_identify(src) by extension 'ignore_ament_install'
[0.384s] Level 1:colcon.colcon_core.package_identification:_identify(src) by extensions ['colcon_pkg']
[0.384s] Level 1:colcon.colcon_core.package_identification:_identify(src) by extension 'colcon_pkg'
[0.384s] Level 1:colcon.colcon_core.package_identification:_identify(src) by extensions ['colcon_meta']
[0.384s] Level 1:colcon.colcon_core.package_identification:_identify(src) by extension 'colcon_meta'
[0.384s] Level 1:colcon.colcon_core.package_identification:_identify(src) by extensions ['ros']
[0.384s] Level 1:colcon.colcon_core.package_identification:_identify(src) by extension 'ros'
[0.384s] Level 1:colcon.colcon_core.package_identification:_identify(src) by extensions ['cmake', 'python']
[0.384s] Level 1:colcon.colcon_core.package_identification:_identify(src) by extension 'cmake'
[0.384s] Level 1:colcon.colcon_core.package_identification:_identify(src) by extension 'python'
[0.384s] Level 1:colcon.colcon_core.package_identification:_identify(src) by extensions ['python_setup_py']
[0.384s] Level 1:colcon.colcon_core.package_identification:_identify(src) by extension 'python_setup_py'
[0.384s] Level 1:colcon.colcon_core.package_identification:_identify(src/thumb_control) by extensions ['ignore', 'ignore_ament_install']
[0.384s] Level 1:colcon.colcon_core.package_identification:_identify(src/thumb_control) by extension 'ignore'
[0.384s] Level 1:colcon.colcon_core.package_identification:_identify(src/thumb_control) by extension 'ignore_ament_install'
[0.384s] Level 1:colcon.colcon_core.package_identification:_identify(src/thumb_control) by extensions ['colcon_pkg']
[0.384s] Level 1:colcon.colcon_core.package_identification:_identify(src/thumb_control) by extension 'colcon_pkg'
[0.384s] Level 1:colcon.colcon_core.package_identification:_identify(src/thumb_control) by extensions ['colcon_meta']
[0.384s] Level 1:colcon.colcon_core.package_identification:_identify(src/thumb_control) by extension 'colcon_meta'
[0.384s] Level 1:colcon.colcon_core.package_identification:_identify(src/thumb_control) by extensions ['ros']
[0.384s] Level 1:colcon.colcon_core.package_identification:_identify(src/thumb_control) by extension 'ros'
[0.387s] DEBUG:colcon.colcon_core.package_identification:Found ROS schema reference in package manifest in 'src/thumb_control'
[0.387s] WARNING:colcon.colcon_core.package_identification:Failed to parse ROS package manifest in 'src/thumb_control': Error(s) in package 'src/thumb_control/package.xml':
Error(s):
- The generic dependency on 'rclpy' is redundant with: exec_depend
- The generic dependency on 'sensor_msgs' is redundant with: exec_depend
- The generic dependency on 'std_msgs' is redundant with: exec_depend
- The generic dependency on 'geometry_msgs' is redundant with: exec_depend
- The generic dependency on 'cv_bridge' is redundant with: exec_depend
- The generic dependency on 'opencv-python' is redundant with: exec_depend
[0.387s] Level 1:colcon.colcon_core.package_identification:_identify(src/thumb_control) by extensions ['cmake', 'python']
[0.387s] Level 1:colcon.colcon_core.package_identification:_identify(src/thumb_control) by extension 'cmake'
[0.387s] Level 1:colcon.colcon_core.package_identification:_identify(src/thumb_control) by extension 'python'
[0.387s] DEBUG:colcon.colcon_core.package_identification:Python package in 'src/thumb_control' passes arguments to the setup() function which requires a different identification extension than 'python'
[0.387s] Level 1:colcon.colcon_core.package_identification:_identify(src/thumb_control) by extensions ['python_setup_py']
[0.387s] Level 1:colcon.colcon_core.package_identification:_identify(src/thumb_control) by extension 'python_setup_py'
[0.598s] DEBUG:colcon.colcon_core.package_identification:Package 'src/thumb_control' with type 'python' and name 'thumb_control'
[0.598s] Level 1:colcon.colcon_core.package_discovery:discover_packages(recursive) using defaults
[0.598s] Level 1:colcon.colcon_core.package_discovery:discover_packages(ignore) discover
[0.598s] Level 1:colcon.colcon_core.package_discovery:discover_packages(ignore) using defaults
[0.598s] Level 1:colcon.colcon_core.package_discovery:discover_packages(path) discover
[0.598s] Level 1:colcon.colcon_core.package_discovery:discover_packages(path) using defaults
[0.631s] Level 1:colcon.colcon_core.package_discovery:discover_packages(prefix_path) check parameters
[0.631s] Level 1:colcon.colcon_core.package_discovery:discover_packages(prefix_path) discover
[0.634s] DEBUG:colcon.colcon_installed_package_information.package_discovery:Found 0 installed packages in /home/saber-ubuntu/task1/install
[0.634s] DEBUG:colcon.colcon_installed_package_information.package_discovery:Found 1 installed packages in /home/saber-ubuntu/Task1_ws/install
[0.635s] DEBUG:colcon.colcon_installed_package_information.package_discovery:Found 2 installed packages in /home/saber-ubuntu/four_ws_ros2/install
[0.636s] DEBUG:colcon.colcon_installed_package_information.package_discovery:Found 345 installed packages in /opt/ros/humble
[0.637s] Level 1:colcon.colcon_core.package_discovery:discover_packages(prefix_path) using defaults
[0.673s] Level 5:colcon.colcon_core.verb:set package 'thumb_control' build argument 'cmake_args' from command line to 'None'
[0.673s] Level 5:colcon.colcon_core.verb:set package 'thumb_control' build argument 'cmake_target' from command line to 'None'
[0.673s] Level 5:colcon.colcon_core.verb:set package 'thumb_control' build argument 'cmake_target_skip_unavailable' from command line to 'False'
[0.673s] Level 5:colcon.colcon_core.verb:set package 'thumb_control' build argument 'cmake_clean_cache' from command line to 'False'
[0.673s] Level 5:colcon.colcon_core.verb:set package 'thumb_control' build argument 'cmake_clean_first' from command line to 'False'
[0.673s] Level 5:colcon.colcon_core.verb:set package 'thumb_control' build argument 'cmake_force_configure' from command line to 'False'
[0.673s] Level 5:colcon.colcon_core.verb:set package 'thumb_control' build argument 'ament_cmake_args' from command line to 'None'
[0.673s] Level 5:colcon.colcon_core.verb:set package 'thumb_control' build argument 'catkin_cmake_args' from command line to 'None'
[0.673s] Level 5:colcon.colcon_core.verb:set package 'thumb_control' build argument 'catkin_skip_building_tests' from command line to 'False'
[0.673s] DEBUG:colcon.colcon_core.verb:Building package 'thumb_control' with the following arguments: {'ament_cmake_args': None, 'build_base': '/home/saber-ubuntu/thumb_ws/build/thumb_control', 'catkin_cmake_args': None, 'catkin_skip_building_tests': False, 'cmake_args': None, 'cmake_clean_cache': False, 'cmake_clean_first': False, 'cmake_force_configure': False, 'cmake_target': None, 'cmake_target_skip_unavailable': False, 'install_base': '/home/saber-ubuntu/thumb_ws/install/thumb_control', 'merge_install': False, 'path': '/home/saber-ubuntu/thumb_ws/src/thumb_control', 'symlink_install': False, 'test_result_base': None}
[0.673s] INFO:colcon.colcon_core.executor:Executing jobs using 'parallel' executor
[0.674s] DEBUG:colcon.colcon_parallel_executor.executor.parallel:run_until_complete
[0.675s] INFO:colcon.colcon_core.task.python.build:Building Python package in '/home/saber-ubuntu/thumb_ws/src/thumb_control'
[0.678s] INFO:colcon.colcon_core.plugin_system:Skipping extension 'colcon_core.shell.bat': Not used on non-Windows systems
[0.678s] INFO:colcon.colcon_core.shell:Skip shell extension 'powershell' for command environment: Not usable outside of PowerShell
[0.678s] DEBUG:colcon.colcon_core.shell:Skip shell extension 'dsv' for command environment
[1.226s] DEBUG:colcon.colcon_core.event_handler.log_command:Invoking command in '/home/saber-ubuntu/thumb_ws/src/thumb_control': PYTHONPATH=/home/saber-ubuntu/thumb_ws/build/thumb_control/prefix_override:/home/saber-ubuntu/thumb_ws/install/thumb_control/lib/python3.10/site-packages:${PYTHONPATH} /usr/bin/python3 -W ignore:setup.py install is deprecated setup.py egg_info --egg-base ../../build/thumb_control build --build-base /home/saber-ubuntu/thumb_ws/build/thumb_control/build install --record /home/saber-ubuntu/thumb_ws/build/thumb_control/install.log --single-version-externally-managed install_data
[1.474s] DEBUG:colcon.colcon_core.event_handler.log_command:Invoked command in '/home/saber-ubuntu/thumb_ws/src/thumb_control' returned '0': PYTHONPATH=/home/saber-ubuntu/thumb_ws/build/thumb_control/prefix_override:/home/saber-ubuntu/thumb_ws/install/thumb_control/lib/python3.10/site-packages:${PYTHONPATH} /usr/bin/python3 -W ignore:setup.py install is deprecated setup.py egg_info --egg-base ../../build/thumb_control build --build-base /home/saber-ubuntu/thumb_ws/build/thumb_control/build install --record /home/saber-ubuntu/thumb_ws/build/thumb_control/install.log --single-version-externally-managed install_data
[1.489s] Level 1:colcon.colcon_core.environment:checking '/home/saber-ubuntu/thumb_ws/install/thumb_control' for CMake module files
[1.489s] Level 1:colcon.colcon_core.environment:checking '/home/saber-ubuntu/thumb_ws/install/thumb_control' for CMake config files
[1.490s] Level 1:colcon.colcon_core.environment:checking '/home/saber-ubuntu/thumb_ws/install/thumb_control/lib'
[1.490s] Level 1:colcon.colcon_core.environment:checking '/home/saber-ubuntu/thumb_ws/install/thumb_control/bin'
[1.490s] Level 1:colcon.colcon_core.environment:checking '/home/saber-ubuntu/thumb_ws/install/thumb_control/lib/pkgconfig/thumb_control.pc'
[1.490s] Level 1:colcon.colcon_core.environment:checking '/home/saber-ubuntu/thumb_ws/install/thumb_control/lib/python3.10/site-packages'
[1.490s] Level 1:colcon.colcon_core.shell:create_environment_hook('thumb_control', 'pythonpath')
[1.490s] INFO:colcon.colcon_core.shell:Creating environment hook '/home/saber-ubuntu/thumb_ws/install/thumb_control/share/thumb_control/hook/pythonpath.ps1'
[1.491s] INFO:colcon.colcon_core.shell:Creating environment descriptor '/home/saber-ubuntu/thumb_ws/install/thumb_control/share/thumb_control/hook/pythonpath.dsv'
[1.491s] INFO:colcon.colcon_core.shell:Creating environment hook '/home/saber-ubuntu/thumb_ws/install/thumb_control/share/thumb_control/hook/pythonpath.sh'
[1.492s] Level 1:colcon.colcon_core.environment:checking '/home/saber-ubuntu/thumb_ws/install/thumb_control/bin'
[1.492s] Level 1:colcon.colcon_core.environment:create_environment_scripts_only(thumb_control)
[1.492s] INFO:colcon.colcon_core.shell:Creating package script '/home/saber-ubuntu/thumb_ws/install/thumb_control/share/thumb_control/package.ps1'
[1.493s] INFO:colcon.colcon_core.shell:Creating package descriptor '/home/saber-ubuntu/thumb_ws/install/thumb_control/share/thumb_control/package.dsv'
[1.493s] INFO:colcon.colcon_core.shell:Creating package script '/home/saber-ubuntu/thumb_ws/install/thumb_control/share/thumb_control/package.sh'
[1.494s] INFO:colcon.colcon_core.shell:Creating package script '/home/saber-ubuntu/thumb_ws/install/thumb_control/share/thumb_control/package.bash'
[1.494s] INFO:colcon.colcon_core.shell:Creating package script '/home/saber-ubuntu/thumb_ws/install/thumb_control/share/thumb_control/package.zsh'
[1.495s] Level 1:colcon.colcon_core.environment:create_file_with_runtime_dependencies(/home/saber-ubuntu/thumb_ws/install/thumb_control/share/colcon-core/packages/thumb_control)
[1.495s] DEBUG:colcon.colcon_parallel_executor.executor.parallel:closing loop
[1.496s] DEBUG:colcon.colcon_parallel_executor.executor.parallel:loop closed
[1.496s] DEBUG:colcon.colcon_parallel_executor.executor.parallel:run_until_complete finished with '0'
[1.496s] DEBUG:colcon.colcon_core.event_reactor:joining thread
[1.503s] INFO:colcon.colcon_core.plugin_system:Skipping extension 'colcon_notification.desktop_notification.terminal_notifier': Not used on non-Darwin systems
[1.503s] INFO:colcon.colcon_core.plugin_system:Skipping extension 'colcon_notification.desktop_notification.win32': Not used on non-Windows systems
[1.503s] INFO:colcon.colcon_notification.desktop_notification:Sending desktop notification using 'notify2'
[1.512s] DEBUG:colcon.colcon_core.event_reactor:joined thread
[1.512s] INFO:colcon.colcon_core.shell:Creating prefix script '/home/saber-ubuntu/thumb_ws/install/local_setup.ps1'
[1.513s] INFO:colcon.colcon_core.shell:Creating prefix util module '/home/saber-ubuntu/thumb_ws/install/_local_setup_util_ps1.py'
[1.514s] INFO:colcon.colcon_core.shell:Creating prefix chain script '/home/saber-ubuntu/thumb_ws/install/setup.ps1'
[1.515s] INFO:colcon.colcon_core.shell:Creating prefix script '/home/saber-ubuntu/thumb_ws/install/local_setup.sh'
[1.515s] INFO:colcon.colcon_core.shell:Creating prefix util module '/home/saber-ubuntu/thumb_ws/install/_local_setup_util_sh.py'
[1.516s] INFO:colcon.colcon_core.shell:Creating prefix chain script '/home/saber-ubuntu/thumb_ws/install/setup.sh'
[1.517s] INFO:colcon.colcon_core.shell:Creating prefix script '/home/saber-ubuntu/thumb_ws/install/local_setup.bash'
[1.517s] INFO:colcon.colcon_core.shell:Creating prefix chain script '/home/saber-ubuntu/thumb_ws/install/setup.bash'
[1.518s] INFO:colcon.colcon_core.shell:Creating prefix script '/home/saber-ubuntu/thumb_ws/install/local_setup.zsh'
[1.519s] INFO:colcon.colcon_core.shell:Creating prefix chain script '/home/saber-ubuntu/thumb_ws/install/setup.zsh'
