running egg_info
writing ../../build/thumb_control/thumb_control.egg-info/PKG-INFO
writing dependency_links to ../../build/thumb_control/thumb_control.egg-info/dependency_links.txt
writing entry points to ../../build/thumb_control/thumb_control.egg-info/entry_points.txt
writing requirements to ../../build/thumb_control/thumb_control.egg-info/requires.txt
writing top-level names to ../../build/thumb_control/thumb_control.egg-info/top_level.txt
reading manifest file '../../build/thumb_control/thumb_control.egg-info/SOURCES.txt'
writing manifest file '../../build/thumb_control/thumb_control.egg-info/SOURCES.txt'
running build
running build_py
running install
running install_lib
running install_data
running install_egg_info
removing '/home/saber-ubuntu/thumb_ws/install/thumb_control/lib/python3.10/site-packages/thumb_control-0.0.0-py3.10.egg-info' (and everything under it)
Copying ../../build/thumb_control/thumb_control.egg-info to /home/saber-ubuntu/thumb_ws/install/thumb_control/lib/python3.10/site-packages/thumb_control-0.0.0-py3.10.egg-info
running install_scripts
Installing thumb_direction_detector script to /home/saber-ubuntu/thumb_ws/install/thumb_control/lib/thumb_control
Installing turtle_control script to /home/saber-ubuntu/thumb_ws/install/thumb_control/lib/thumb_control
writing list of installed files to '/home/saber-ubuntu/thumb_ws/build/thumb_control/install.log'
